[INFO] Scanning for projects...
[INFO] 
[INFO] ------------------< com.drdl:fire-management-system >-------------------
[INFO] Building DRDL Fire Management System 1.0.0
[INFO]   from pom.xml
[INFO] --------------------------------[ jar ]---------------------------------
[INFO] 
[INFO] >>> spring-boot:3.1.5:run (default-cli) > test-compile @ fire-management-system >>>
[INFO] 
[INFO] --- resources:3.3.1:resources (default-resources) @ fire-management-system ---
[INFO] Copying 3 resources from src\main\resources to target\classes
[INFO] Copying 0 resource from src\main\resources to target\classes
[INFO] 
[INFO] --- compiler:3.11.0:compile (default-compile) @ fire-management-system ---
[INFO] Nothing to compile - all classes are up to date
[INFO] 
[INFO] --- resources:3.3.1:testResources (default-testResources) @ fire-management-system ---
[INFO] skip non existing resourceDirectory C:\Users\SRIYASRI\OneDrive\Desktop\DRDL-17\drdl_complete\backend\src\test\resources
[INFO] 
[INFO] --- compiler:3.11.0:testCompile (default-testCompile) @ fire-management-system ---
[INFO] No sources to compile
[INFO] 
[INFO] <<< spring-boot:3.1.5:run (default-cli) < test-compile @ fire-management-system <<<
[INFO] 
[INFO] 
[INFO] --- spring-boot:3.1.5:run (default-cli) @ fire-management-system ---
[INFO] Attaching agents: []

  .   ____          _            __ _ _
 /\\ / ___'_ __ _ _(_)_ __  __ _ \ \ \ \
( ( )\___ | '_ | '_| | '_ \/ _` | \ \ \ \
 \\/  ___)| |_)| | | | | || (_| |  ) ) ) )
  '  |____| .__|_| |_|_| |_\__, | / / / /
 =========|_|==============|___/=/_/_/_/
 :: Spring Boot ::                (v3.1.5)

2026-02-18T00:28:45.402+05:30  INFO 17768 --- [           main] com.drdl.DrdlApplication                 : Starting DrdlApplication using Java 21.0.7 with PID 17768 (C:\Users\SRIYASRI\OneDrive\Desktop\DRDL-17\drdl_complete\backend\target\classes started by SRIYASRI in C:\Users\SRIYASRI\OneDrive\Desktop\DRDL-17\drdl_complete\backend)
2026-02-18T00:28:45.404+05:30  INFO 17768 --- [           main] com.drdl.DrdlApplication                 : The following 1 profile is active: "oracle"
2026-02-18T00:28:47.702+05:30  WARN 17768 --- [           main] org.hibernate.orm.deprecation            : HHH90000025: OracleDialect does not need to be specified explicitly using 'hibernate.dialect' (remove the property setting and it will be selected by default)
2026-02-18T00:28:54.268+05:30  WARN 17768 --- [           main] JpaBaseConfiguration$JpaWebConfiguration : spring.jpa.open-in-view is enabled by default. Therefore, database queries may be performed during view rendering. Explicitly configure spring.jpa.open-in-view to disable this warning
2026-02-18T00:28:55.104+05:30  INFO 17768 --- [           main] com.drdl.DrdlApplication                 : Started DrdlApplication in 10.116 seconds (process running for 10.53)
Hibernate: 
    /* select
        count(*) 
    from
        Employee x */ select
            count(*) 
        from
            employee_details e1_0
2026-02-18T00:29:16.452+05:30  INFO 17768 --- [nio-8080-exec-2] o.s.web.servlet.DispatcherServlet        : Initializing Servlet 'dispatcherServlet'
2026-02-18T00:29:16.470+05:30  INFO 17768 --- [nio-8080-exec-2] o.s.web.servlet.DispatcherServlet        : Completed initialization in 2 ms
Hibernate: 
    /* <criteria> */ select
        e1_0.emp_id,
        e1_0.address,
        e1_0.designation,
        e1_0.directorate,
        e1_0.division,
        e1_0.email,
        e1_0.employee_name,
        e1_0.password,
        e1_0.personnel_no,
        e1_0.phone,
        e1_0.status 
    from
        employee_details e1_0 
    where
        e1_0.status=?
Hibernate: 
    /* <criteria> */ select
        e1_0.emp_id,
        e1_0.address,
        e1_0.designation,
        e1_0.directorate,
        e1_0.division,
        e1_0.email,
        e1_0.employee_name,
        e1_0.password,
        e1_0.personnel_no,
        e1_0.phone,
        e1_0.status 
    from
        employee_details e1_0 
    where
        e1_0.status=?
[INFO] ------------------------------------------------------------------------
[INFO] BUILD FAILURE
[INFO] ------------------------------------------------------------------------
[INFO] Total time:  04:29 min
[INFO] Finished at: 2026-02-18T00:33:11+05:30
[INFO] ------------------------------------------------------------------------
[ERROR] Failed to execute goal org.springframework.boot:spring-boot-maven-plugin:3.1.5:run (default-cli) on project fire-management-system: Process terminated with exit code: 1 -> [Help 1]
[ERROR] 
[ERROR] To see the full stack trace of the errors, re-run Maven with the -e switch.
[ERROR] Re-run Maven using the -X switch to enable full debug logging.
[ERROR] 
[ERROR] For more information about the errors and possible solutions, please read the following articles:
[ERROR] [Help 1] http://cwiki.apache.org/confluence/display/MAVEN/MojoExecutionException
